<?xml version="1.0" encoding="UTF-8"?>
<!-- Generated by org.testng.reporters.JUnitReportReporter -->
<testsuite hostname="RameshCh" failures="0" tests="8" name="com.qa.opencart.testcase.LoginPageTest" time="29.195" errors="0" timestamp="2023-06-06T18:05:46 MST" skipped="0">
  <testcase classname="com.qa.opencart.testcase.LoginPageTest" name="doLogout" time="7.875"/>
  <system-out/>
  <testcase classname="com.qa.opencart.testcase.LoginPageTest" name="verifyLoginPageUrlTest" time="0.045"/>
  <system-out/>
  <testcase classname="com.qa.opencart.testcase.LoginPageTest" name="verifyLoginPageTitleTest" time="0.025"/>
  <system-out/>
  <testcase classname="com.qa.opencart.testcase.LoginPageTest" name="verifyLoginPageElementsTest" time="0.252"/>
  <system-out/>
  <testcase classname="com.qa.opencart.testcase.LoginPageTest" name="navigateToRegistrationPageTest" time="3.409"/>
  <system-out/>
  <testcase classname="com.qa.opencart.testcase.LoginPageTest" name="navigateToForgotPasswordTest" time="2.880"/>
  <system-out/>
  <testcase classname="com.qa.opencart.testcase.LoginPageTest" name="emptyCredsLoginTest" time="7.310"/>
  <system-out/>
  <testcase classname="com.qa.opencart.testcase.LoginPageTest" name="happyPathLoginTest" time="7.399"/>
  <system-out/>
</testsuite> <!-- com.qa.opencart.testcase.LoginPageTest -->
