<?xml version="1.0" encoding="UTF-8"?>
<!-- Generated by org.testng.reporters.JUnitReportReporter -->
<testsuite hostname="RameshCh" failures="0" tests="2" name="com.qa.opencart.testcase.RegistrationPageTest" time="0.000" errors="0" timestamp="2023-06-06T18:12:49 MST" skipped="2">
  <testcase classname="com.qa.opencart.testcase.RegistrationPageTest" name="registerAccountWithExcelTest" time="0.000">
    <skipped/>
  </testcase> <!-- registerAccountWithExcelTest -->
  <system-out/>
  <testcase classname="com.qa.opencart.testcase.RegistrationPageTest" name="registerAccountWithFakerTest">
    <skipped/>
  </testcase> <!-- registerAccountWithFakerTest -->
  <system-out/>
</testsuite> <!-- com.qa.opencart.testcase.RegistrationPageTest -->
