<?xml version="1.0" encoding="UTF-8"?>
<!-- Generated by org.testng.reporters.JUnitReportReporter -->
<testsuite hostname="RameshCh" failures="0" tests="5" name="com.qa.opencart.testcase.HomePageTest" time="15.958" errors="0" timestamp="2023-06-06T18:05:46 MST" skipped="0">
  <testcase classname="com.qa.opencart.testcase.HomePageTest" name="verifyOpenCartLogoTest" time="0.094"/>
  <system-out/>
  <testcase classname="com.qa.opencart.testcase.HomePageTest" name="verifyOpenCartPageTitleTest" time="0.031"/>
  <system-out/>
  <testcase classname="com.qa.opencart.testcase.HomePageTest" name="verifyFeaturedCardsCountTest" time="0.044"/>
  <system-out/>
  <testcase classname="com.qa.opencart.testcase.HomePageTest" name="navigateToRegistrationPageTest" time="8.456"/>
  <system-out/>
  <testcase classname="com.qa.opencart.testcase.HomePageTest" name="navigateToLoginTest" time="7.333"/>
  <system-out/>
</testsuite> <!-- com.qa.opencart.testcase.HomePageTest -->
